-------------------------------------------------------------------------------
Test set: com.umpay.merinfo.ImageUploadTest
-------------------------------------------------------------------------------
Tests run: 1, Failures: 1, Errors: 0, Skipped: 0, Time elapsed: 0.251 s <<< FAILURE! - in com.umpay.merinfo.ImageUploadTest
uploadImg(com.umpay.merinfo.ImageUploadTest)  Time elapsed: 0.251 s  <<< FAILURE!
java.lang.AssertionError
	at com.umpay.merinfo.ImageUploadTest.uploadImg(ImageUploadTest.java:75)

